2025-11-16 14:36:19,361 [INFO] app_logger: Запуск сервера
2025-11-16 15:00:40,860 [INFO] app_logger: Запуск сервера
2025-11-16 15:00:53,942 [DEBUG] app_logger: Создана новая асинхронная сессия базы данных.
2025-11-16 15:00:54,058 [INFO] app_logger: Список вопросов получен
2025-11-16 15:01:04,635 [DEBUG] app_logger: Создана новая асинхронная сессия базы данных.
2025-11-16 15:01:04,646 [ERROR] app_logger: Ошибка при создании сессии: 'NoneType' object has no attribute 'id'
Traceback (most recent call last):
  File "C:\Users\maxva\PycharmProjects\Im\question_answer_app\app\database\database.py", line 29, in get_session
    yield session
  File "C:\Users\maxva\AppData\Local\Programs\Python\Python313\Lib\site-packages\fastapi\routing.py", line 111, in app
    response = await f(request)
               ^^^^^^^^^^^^^^^^
  File "C:\Users\maxva\AppData\Local\Programs\Python\Python313\Lib\site-packages\fastapi\routing.py", line 391, in app
    raw_response = await run_endpoint_function(
                   ^^^^^^^^^^^^^^^^^^^^^^^^^^^^
    ...<3 lines>...
    )
    ^
  File "C:\Users\maxva\AppData\Local\Programs\Python\Python313\Lib\site-packages\fastapi\routing.py", line 290, in run_endpoint_function
    return await dependant.call(**values)
           ^^^^^^^^^^^^^^^^^^^^^^^^^^^^^^
  File "C:\Users\maxva\PycharmProjects\Im\question_answer_app\app\routers\questions.py", line 33, in add_questions
    return await CreateQuestionUseCase.execute(question_data, session)
           ^^^^^^^^^^^^^^^^^^^^^^^^^^^^^^^^^^^^^^^^^^^^^^^^^^^^^^^^^^^
  File "C:\Users\maxva\PycharmProjects\Im\question_answer_app\app\use_cases\questions\add_questions.py", line 11, in execute
    return {"message": "Вопрос создан", "id": question.id}
                                              ^^^^^^^^^^^
AttributeError: 'NoneType' object has no attribute 'id'
2025-11-16 15:01:36,142 [INFO] app_logger: Выключение
2025-11-16 15:01:37,144 [INFO] app_logger: Запуск сервера
2025-11-16 15:01:38,084 [DEBUG] app_logger: Создана новая асинхронная сессия базы данных.
2025-11-16 15:01:42,270 [DEBUG] app_logger: Создана новая асинхронная сессия базы данных.
2025-11-16 15:01:42,274 [INFO] app_logger: Список вопросов получен
2025-11-16 15:01:51,451 [DEBUG] app_logger: Создана новая асинхронная сессия базы данных.
2025-11-16 15:01:54,064 [DEBUG] app_logger: Создана новая асинхронная сессия базы данных.
2025-11-16 15:01:54,065 [INFO] app_logger: Список вопросов получен
2025-11-16 15:02:04,341 [DEBUG] app_logger: Создана новая асинхронная сессия базы данных.
2025-11-16 15:02:04,349 [INFO] app_logger: Получен вопрос с ID 1
2025-11-16 15:02:14,424 [DEBUG] app_logger: Создана новая асинхронная сессия базы данных.
2025-11-16 15:02:18,972 [DEBUG] app_logger: Создана новая асинхронная сессия базы данных.
2025-11-16 15:02:18,973 [INFO] app_logger: Список вопросов получен
2025-11-16 15:02:26,722 [DEBUG] app_logger: Создана новая асинхронная сессия базы данных.
2025-11-16 15:02:26,724 [ERROR] app_logger: Ошибка при создании сессии: 404: Вопрос не найден
Traceback (most recent call last):
  File "C:\Users\maxva\PycharmProjects\Im\question_answer_app\app\database\database.py", line 29, in get_session
    yield session
  File "C:\Users\maxva\AppData\Local\Programs\Python\Python313\Lib\site-packages\fastapi\routing.py", line 111, in app
    response = await f(request)
               ^^^^^^^^^^^^^^^^
  File "C:\Users\maxva\AppData\Local\Programs\Python\Python313\Lib\site-packages\fastapi\routing.py", line 391, in app
    raw_response = await run_endpoint_function(
                   ^^^^^^^^^^^^^^^^^^^^^^^^^^^^
    ...<3 lines>...
    )
    ^
  File "C:\Users\maxva\AppData\Local\Programs\Python\Python313\Lib\site-packages\fastapi\routing.py", line 290, in run_endpoint_function
    return await dependant.call(**values)
           ^^^^^^^^^^^^^^^^^^^^^^^^^^^^^^
  File "C:\Users\maxva\PycharmProjects\Im\question_answer_app\app\routers\questions.py", line 44, in get_question
    return await GetQuestionUseCase.execute(id, session)
           ^^^^^^^^^^^^^^^^^^^^^^^^^^^^^^^^^^^^^^^^^^^^^
  File "C:\Users\maxva\PycharmProjects\Im\question_answer_app\app\use_cases\questions\get_question.py", line 13, in execute
    raise HTTPException(status_code=404, detail="Вопрос не найден")
fastapi.exceptions.HTTPException: 404: Вопрос не найден
2025-11-16 15:02:32,552 [DEBUG] app_logger: Создана новая асинхронная сессия базы данных.
2025-11-16 15:02:32,554 [ERROR] app_logger: Ошибка при создании сессии: 404: Вопрос не найден
Traceback (most recent call last):
  File "C:\Users\maxva\PycharmProjects\Im\question_answer_app\app\database\database.py", line 29, in get_session
    yield session
  File "C:\Users\maxva\AppData\Local\Programs\Python\Python313\Lib\site-packages\fastapi\routing.py", line 111, in app
    response = await f(request)
               ^^^^^^^^^^^^^^^^
  File "C:\Users\maxva\AppData\Local\Programs\Python\Python313\Lib\site-packages\fastapi\routing.py", line 391, in app
    raw_response = await run_endpoint_function(
                   ^^^^^^^^^^^^^^^^^^^^^^^^^^^^
    ...<3 lines>...
    )
    ^
  File "C:\Users\maxva\AppData\Local\Programs\Python\Python313\Lib\site-packages\fastapi\routing.py", line 290, in run_endpoint_function
    return await dependant.call(**values)
           ^^^^^^^^^^^^^^^^^^^^^^^^^^^^^^
  File "C:\Users\maxva\PycharmProjects\Im\question_answer_app\app\routers\questions.py", line 55, in delete_question
    return await DeleteQuestionUseCase.execute(id, session)
           ^^^^^^^^^^^^^^^^^^^^^^^^^^^^^^^^^^^^^^^^^^^^^^^^
  File "C:\Users\maxva\PycharmProjects\Im\question_answer_app\app\use_cases\questions\delete_question.py", line 11, in execute
    raise HTTPException(status_code=404, detail="Вопрос не найден")
fastapi.exceptions.HTTPException: 404: Вопрос не найден
2025-11-16 15:02:57,057 [DEBUG] app_logger: Создана новая асинхронная сессия базы данных.
2025-11-16 15:02:57,062 [INFO] app_logger: Создан ответ с ID 2 для вопроса 1
2025-11-16 15:03:29,956 [DEBUG] app_logger: Создана новая асинхронная сессия базы данных.
2025-11-16 15:03:29,963 [INFO] app_logger: Создан ответ с ID 3 для вопроса 1
2025-11-16 15:03:42,906 [DEBUG] app_logger: Создана новая асинхронная сессия базы данных.
2025-11-16 15:03:57,886 [DEBUG] app_logger: Создана новая асинхронная сессия базы данных.
2025-11-16 15:04:02,817 [DEBUG] app_logger: Создана новая асинхронная сессия базы данных.
2025-11-16 15:04:02,819 [ERROR] app_logger: Ошибка при создании сессии: 404: Ответ не найден
Traceback (most recent call last):
  File "C:\Users\maxva\PycharmProjects\Im\question_answer_app\app\database\database.py", line 29, in get_session
    yield session
  File "C:\Users\maxva\AppData\Local\Programs\Python\Python313\Lib\site-packages\fastapi\routing.py", line 111, in app
    response = await f(request)
               ^^^^^^^^^^^^^^^^
  File "C:\Users\maxva\AppData\Local\Programs\Python\Python313\Lib\site-packages\fastapi\routing.py", line 391, in app
    raw_response = await run_endpoint_function(
                   ^^^^^^^^^^^^^^^^^^^^^^^^^^^^
    ...<3 lines>...
    )
    ^
  File "C:\Users\maxva\AppData\Local\Programs\Python\Python313\Lib\site-packages\fastapi\routing.py", line 290, in run_endpoint_function
    return await dependant.call(**values)
           ^^^^^^^^^^^^^^^^^^^^^^^^^^^^^^
  File "C:\Users\maxva\PycharmProjects\Im\question_answer_app\app\routers\answers.py", line 46, in delete_answer
    return await DeleteAnswerUseCase.execute(id, session)
           ^^^^^^^^^^^^^^^^^^^^^^^^^^^^^^^^^^^^^^^^^^^^^^
  File "C:\Users\maxva\PycharmProjects\Im\question_answer_app\app\use_cases\answers\delete_answer.py", line 11, in execute
    raise HTTPException(status_code=404, detail="Ответ не найден")
fastapi.exceptions.HTTPException: 404: Ответ не найден
2025-11-16 15:04:07,114 [DEBUG] app_logger: Создана новая асинхронная сессия базы данных.
2025-11-16 15:04:07,115 [WARNING] app_logger: Ответ с ID 10 не найден
2025-11-16 15:04:07,116 [ERROR] app_logger: Ошибка при создании сессии: 404: Ответ не найден
Traceback (most recent call last):
  File "C:\Users\maxva\PycharmProjects\Im\question_answer_app\app\database\database.py", line 29, in get_session
    yield session
  File "C:\Users\maxva\AppData\Local\Programs\Python\Python313\Lib\site-packages\fastapi\routing.py", line 111, in app
    response = await f(request)
               ^^^^^^^^^^^^^^^^
  File "C:\Users\maxva\AppData\Local\Programs\Python\Python313\Lib\site-packages\fastapi\routing.py", line 391, in app
    raw_response = await run_endpoint_function(
                   ^^^^^^^^^^^^^^^^^^^^^^^^^^^^
    ...<3 lines>...
    )
    ^
  File "C:\Users\maxva\AppData\Local\Programs\Python\Python313\Lib\site-packages\fastapi\routing.py", line 290, in run_endpoint_function
    return await dependant.call(**values)
           ^^^^^^^^^^^^^^^^^^^^^^^^^^^^^^
  File "C:\Users\maxva\PycharmProjects\Im\question_answer_app\app\routers\answers.py", line 35, in get_answer
    return await GetAnswerUseCase.execute(id, session)
           ^^^^^^^^^^^^^^^^^^^^^^^^^^^^^^^^^^^^^^^^^^^
  File "C:\Users\maxva\PycharmProjects\Im\question_answer_app\app\use_cases\answers\get_answer.py", line 14, in execute
    raise HTTPException(status_code=404, detail="Ответ не найден")
fastapi.exceptions.HTTPException: 404: Ответ не найден
2025-11-16 15:04:23,774 [DEBUG] app_logger: Создана новая асинхронная сессия базы данных.
2025-11-16 15:04:23,775 [INFO] app_logger: Список вопросов получен
2025-11-16 15:04:31,034 [DEBUG] app_logger: Создана новая асинхронная сессия базы данных.
2025-11-16 15:04:31,035 [ERROR] app_logger: Ошибка при создании сессии: 404: Вопрос не найден
Traceback (most recent call last):
  File "C:\Users\maxva\PycharmProjects\Im\question_answer_app\app\database\database.py", line 29, in get_session
    yield session
  File "C:\Users\maxva\AppData\Local\Programs\Python\Python313\Lib\site-packages\fastapi\routing.py", line 111, in app
    response = await f(request)
               ^^^^^^^^^^^^^^^^
  File "C:\Users\maxva\AppData\Local\Programs\Python\Python313\Lib\site-packages\fastapi\routing.py", line 391, in app
    raw_response = await run_endpoint_function(
                   ^^^^^^^^^^^^^^^^^^^^^^^^^^^^
    ...<3 lines>...
    )
    ^
  File "C:\Users\maxva\AppData\Local\Programs\Python\Python313\Lib\site-packages\fastapi\routing.py", line 290, in run_endpoint_function
    return await dependant.call(**values)
           ^^^^^^^^^^^^^^^^^^^^^^^^^^^^^^
  File "C:\Users\maxva\PycharmProjects\Im\question_answer_app\app\routers\questions.py", line 44, in get_question
    return await GetQuestionUseCase.execute(id, session)
           ^^^^^^^^^^^^^^^^^^^^^^^^^^^^^^^^^^^^^^^^^^^^^
  File "C:\Users\maxva\PycharmProjects\Im\question_answer_app\app\use_cases\questions\get_question.py", line 13, in execute
    raise HTTPException(status_code=404, detail="Вопрос не найден")
fastapi.exceptions.HTTPException: 404: Вопрос не найден
2025-11-16 15:04:34,396 [DEBUG] app_logger: Создана новая асинхронная сессия базы данных.
2025-11-16 15:04:34,398 [INFO] app_logger: Получен вопрос с ID 2
2025-11-16 15:04:38,736 [DEBUG] app_logger: Создана новая асинхронная сессия базы данных.
2025-11-16 15:04:38,738 [INFO] app_logger: Получен вопрос с ID 1
2025-11-16 15:04:59,294 [INFO] app_logger: Выключение
